C51 COMPILER V9.54   MAIN                                                                  01/16/2023 21:35:27 PAGE 1   


C51 COMPILER V9.54, COMPILATION OF MODULE MAIN
OBJECT MODULE PLACED IN .\Objects\main.obj
COMPILER INVOKED BY: C:\Keil_v5\C51\BIN\C51.EXE main.c OPTIMIZE(8,SPEED) BROWSE DEBUG OBJECTEXTEND PRINT(.\Listings\main
                    -.lst) TABS(2) OBJECT(.\Objects\main.obj)

line level    source

   1          #include<reg52.h>
   2          #include<intrins.h>
   3          
   4          
   5          
   6          void Delay100ms()
   7          {
   8   1        unsigned char i, j, k;
   9   1      
  10   1      
  11   1        i = 5;
  12   1        j = 52;
  13   1        k = 195;
  14   1        do
  15   1        {
  16   2          do
  17   2          {
  18   3            while (--k);
  19   3          } while (--j);
  20   2        } while (--i);
  21   1      }
  22          
  23          void main(){
  24   1      p1^0=1;
*** ERROR C202 IN LINE 24 OF main.c: 'p1': undefined identifier
*** ERROR C141 IN LINE 24 OF main.c: syntax error near '='
  25   1        while(1){
  26   2          Delay100ms();
  27   2          if(p3^4==1){
*** ERROR C202 IN LINE 27 OF main.c: 'p3': undefined identifier
  28   3            ~p1^0;
*** ERROR C202 IN LINE 28 OF main.c: 'p1': undefined identifier
  29   3          }
  30   2          Delay100ms();
  31   2          
  32   2        }
  33   1      }

C51 COMPILATION COMPLETE.  0 WARNING(S),  4 ERROR(S)
